<?xml version="1.0" encoding="UTF-8"?>
<!-- Generated by org.testng.reporters.JUnitXMLReporter -->
<testsuite hostname="ip-172-31-16-144" ignored="0" name="Default test" tests="4" failures="0" timestamp="23 Apr 2023 05:13:33 GMT" time="20.447" errors="0">
  <testcase name="test1" time="2.196" classname="testcases.LoginTest"/>
  <testcase name="test2" time="1.749" classname="testcases.LoginTest"/>
  <testcase name="test3" time="1.95" classname="testcases.LoginTest"/>
  <testcase name="test4" time="2.092" classname="testcases.LoginTest"/>
</testsuite> <!-- Default test -->
