<?xml version="1.0" encoding="UTF-8"?>
<!-- Generated by org.testng.reporters.JUnitXMLReporter -->
<testsuite hostname="ip-172-31-16-144" ignored="0" name="Test" tests="4" failures="0" timestamp="29 Apr 2023 06:48:42 GMT" time="20.064" errors="0">
  <testcase name="test1" time="2.247" classname="testcases.LoginTest"/>
  <testcase name="test2" time="1.718" classname="testcases.LoginTest"/>
  <testcase name="test3" time="1.849" classname="testcases.LoginTest"/>
  <testcase name="test4" time="0.929" classname="testcases.LoginTest"/>
</testsuite> <!-- Test -->
