<?xml version="1.0" encoding="UTF-8"?>
<testng-results skipped="0" failed="0" ignored="0" total="1" passed="1">
  <reporter-output>
  </reporter-output>
  <suite name="Suite" duration-ms="3366" started-at="2023-04-30T07:02:18Z" finished-at="2023-04-30T07:02:21Z">
    <groups>
    </groups>
    <test name="Test" duration-ms="3366" started-at="2023-04-30T07:02:18Z" finished-at="2023-04-30T07:02:21Z">
      <class name="testcases.HomePageTest">
        <test-method status="PASS" signature="ReportSetup()[pri:0, instance:testcases.HomePageTest@7e2d773b]" name="ReportSetup" is-config="true" duration-ms="504" started-at="2023-04-30T07:02:18Z" finished-at="2023-04-30T07:02:18Z">
          <reporter-output>
          </reporter-output>
        </test-method> <!-- ReportSetup -->
        <test-method status="PASS" signature="Setup(java.lang.reflect.Method)[pri:0, instance:testcases.HomePageTest@7e2d773b]" name="Setup" is-config="true" duration-ms="2519" started-at="2023-04-30T07:02:18Z" finished-at="2023-04-30T07:02:21Z">
          <params>
            <param index="0">
              <value>
                <![CDATA[public void testcases.HomePageTest.test4()]]>
              </value>
            </param>
          </params>
          <reporter-output>
          </reporter-output>
        </test-method> <!-- Setup -->
        <test-method status="PASS" signature="test4()[pri:0, instance:testcases.HomePageTest@7e2d773b]" name="test4" duration-ms="2" started-at="2023-04-30T07:02:21Z" finished-at="2023-04-30T07:02:21Z">
          <reporter-output>
          </reporter-output>
        </test-method> <!-- test4 -->
        <test-method status="PASS" signature="TearDown()[pri:0, instance:testcases.HomePageTest@7e2d773b]" name="TearDown" is-config="true" duration-ms="73" started-at="2023-04-30T07:02:21Z" finished-at="2023-04-30T07:02:21Z">
          <reporter-output>
          </reporter-output>
        </test-method> <!-- TearDown -->
        <test-method status="PASS" signature="ReportClean()[pri:0, instance:testcases.HomePageTest@7e2d773b]" name="ReportClean" is-config="true" duration-ms="256" started-at="2023-04-30T07:02:21Z" finished-at="2023-04-30T07:02:21Z">
          <reporter-output>
          </reporter-output>
        </test-method> <!-- ReportClean -->
      </class> <!-- testcases.HomePageTest -->
    </test> <!-- Test -->
  </suite> <!-- Suite -->
</testng-results>
