<?xml version="1.0" encoding="UTF-8"?>
<testng-results skipped="0" failed="0" ignored="0" total="4" passed="4">
  <reporter-output>
  </reporter-output>
  <suite name="Suite" duration-ms="20064" started-at="2023-04-29T06:48:22Z" finished-at="2023-04-29T06:48:42Z">
    <groups>
    </groups>
    <test name="Test" duration-ms="20064" started-at="2023-04-29T06:48:22Z" finished-at="2023-04-29T06:48:42Z">
      <class name="testcases.LoginTest">
        <test-method status="PASS" signature="ReportSetup()[pri:0, instance:testcases.LoginTest@7e2d773b]" name="ReportSetup" is-config="true" duration-ms="844" started-at="2023-04-29T06:48:22Z" finished-at="2023-04-29T06:48:23Z">
          <reporter-output>
          </reporter-output>
        </test-method> <!-- ReportSetup -->
        <test-method status="PASS" signature="Setup(java.lang.reflect.Method)[pri:0, instance:testcases.LoginTest@7e2d773b]" name="Setup" is-config="true" duration-ms="3725" started-at="2023-04-29T06:48:23Z" finished-at="2023-04-29T06:48:27Z">
          <params>
            <param index="0">
              <value>
                <![CDATA[public void testcases.LoginTest.test1()]]>
              </value>
            </param>
          </params>
          <reporter-output>
          </reporter-output>
        </test-method> <!-- Setup -->
        <test-method status="PASS" signature="test1()[pri:0, instance:testcases.LoginTest@7e2d773b]" name="test1" duration-ms="2247" started-at="2023-04-29T06:48:27Z" finished-at="2023-04-29T06:48:29Z">
          <reporter-output>
          </reporter-output>
        </test-method> <!-- test1 -->
        <test-method status="PASS" signature="TearDown()[pri:0, instance:testcases.LoginTest@7e2d773b]" name="TearDown" is-config="true" duration-ms="80" started-at="2023-04-29T06:48:29Z" finished-at="2023-04-29T06:48:29Z">
          <reporter-output>
          </reporter-output>
        </test-method> <!-- TearDown -->
        <test-method status="PASS" signature="Setup(java.lang.reflect.Method)[pri:0, instance:testcases.LoginTest@7e2d773b]" name="Setup" is-config="true" duration-ms="2234" started-at="2023-04-29T06:48:29Z" finished-at="2023-04-29T06:48:31Z">
          <params>
            <param index="0">
              <value>
                <![CDATA[public void testcases.LoginTest.test2()]]>
              </value>
            </param>
          </params>
          <reporter-output>
          </reporter-output>
        </test-method> <!-- Setup -->
        <test-method status="PASS" signature="test2()[pri:0, instance:testcases.LoginTest@7e2d773b]" name="test2" duration-ms="1718" started-at="2023-04-29T06:48:31Z" finished-at="2023-04-29T06:48:33Z">
          <reporter-output>
          </reporter-output>
        </test-method> <!-- test2 -->
        <test-method status="PASS" signature="TearDown()[pri:0, instance:testcases.LoginTest@7e2d773b]" name="TearDown" is-config="true" duration-ms="70" started-at="2023-04-29T06:48:33Z" finished-at="2023-04-29T06:48:33Z">
          <reporter-output>
          </reporter-output>
        </test-method> <!-- TearDown -->
        <test-method status="PASS" signature="Setup(java.lang.reflect.Method)[pri:0, instance:testcases.LoginTest@7e2d773b]" name="Setup" is-config="true" duration-ms="2829" started-at="2023-04-29T06:48:33Z" finished-at="2023-04-29T06:48:36Z">
          <params>
            <param index="0">
              <value>
                <![CDATA[public void testcases.LoginTest.test3()]]>
              </value>
            </param>
          </params>
          <reporter-output>
          </reporter-output>
        </test-method> <!-- Setup -->
        <test-method status="PASS" signature="test3()[pri:0, instance:testcases.LoginTest@7e2d773b]" name="test3" duration-ms="1849" started-at="2023-04-29T06:48:36Z" finished-at="2023-04-29T06:48:38Z">
          <reporter-output>
          </reporter-output>
        </test-method> <!-- test3 -->
        <test-method status="PASS" signature="TearDown()[pri:0, instance:testcases.LoginTest@7e2d773b]" name="TearDown" is-config="true" duration-ms="69" started-at="2023-04-29T06:48:38Z" finished-at="2023-04-29T06:48:38Z">
          <reporter-output>
          </reporter-output>
        </test-method> <!-- TearDown -->
        <test-method status="PASS" signature="Setup(java.lang.reflect.Method)[pri:0, instance:testcases.LoginTest@7e2d773b]" name="Setup" is-config="true" duration-ms="3126" started-at="2023-04-29T06:48:38Z" finished-at="2023-04-29T06:48:41Z">
          <params>
            <param index="0">
              <value>
                <![CDATA[public void testcases.LoginTest.test4() throws com.codoid.products.exception.FilloException]]>
              </value>
            </param>
          </params>
          <reporter-output>
          </reporter-output>
        </test-method> <!-- Setup -->
        <test-method status="PASS" signature="test4()[pri:0, instance:testcases.LoginTest@7e2d773b]" name="test4" duration-ms="929" started-at="2023-04-29T06:48:41Z" finished-at="2023-04-29T06:48:42Z">
          <reporter-output>
          </reporter-output>
        </test-method> <!-- test4 -->
        <test-method status="PASS" signature="TearDown()[pri:0, instance:testcases.LoginTest@7e2d773b]" name="TearDown" is-config="true" duration-ms="68" started-at="2023-04-29T06:48:42Z" finished-at="2023-04-29T06:48:42Z">
          <reporter-output>
          </reporter-output>
        </test-method> <!-- TearDown -->
        <test-method status="PASS" signature="ReportClean()[pri:0, instance:testcases.LoginTest@7e2d773b]" name="ReportClean" is-config="true" duration-ms="262" started-at="2023-04-29T06:48:42Z" finished-at="2023-04-29T06:48:42Z">
          <reporter-output>
          </reporter-output>
        </test-method> <!-- ReportClean -->
      </class> <!-- testcases.LoginTest -->
    </test> <!-- Test -->
  </suite> <!-- Suite -->
</testng-results>
