<?xml version="1.0" encoding="UTF-8"?>
<testng-results skipped="0" failed="0" ignored="0" total="4" passed="4">
  <reporter-output>
  </reporter-output>
  <suite name="Default suite" duration-ms="20447" started-at="2023-04-23T05:13:12Z" finished-at="2023-04-23T05:13:33Z">
    <groups>
    </groups>
    <test name="Default test" duration-ms="20447" started-at="2023-04-23T05:13:12Z" finished-at="2023-04-23T05:13:33Z">
      <class name="testcases.LoginTest">
        <test-method status="PASS" signature="ReportSetup()[pri:0, instance:testcases.LoginTest@7403c468]" name="ReportSetup" is-config="true" duration-ms="452" started-at="2023-04-23T05:13:12Z" finished-at="2023-04-23T05:13:13Z">
          <reporter-output>
          </reporter-output>
        </test-method> <!-- ReportSetup -->
        <test-method status="PASS" signature="Setup(java.lang.reflect.Method)[pri:0, instance:testcases.LoginTest@7403c468]" name="Setup" is-config="true" duration-ms="3414" started-at="2023-04-23T05:13:13Z" finished-at="2023-04-23T05:13:16Z">
          <params>
            <param index="0">
              <value>
                <![CDATA[public void testcases.LoginTest.test1()]]>
              </value>
            </param>
          </params>
          <reporter-output>
          </reporter-output>
        </test-method> <!-- Setup -->
        <test-method status="PASS" signature="test1()[pri:0, instance:testcases.LoginTest@7403c468]" name="test1" duration-ms="2196" started-at="2023-04-23T05:13:16Z" finished-at="2023-04-23T05:13:18Z">
          <reporter-output>
          </reporter-output>
        </test-method> <!-- test1 -->
        <test-method status="PASS" signature="TearDown()[pri:0, instance:testcases.LoginTest@7403c468]" name="TearDown" is-config="true" duration-ms="71" started-at="2023-04-23T05:13:18Z" finished-at="2023-04-23T05:13:18Z">
          <reporter-output>
          </reporter-output>
        </test-method> <!-- TearDown -->
        <test-method status="PASS" signature="Setup(java.lang.reflect.Method)[pri:0, instance:testcases.LoginTest@7403c468]" name="Setup" is-config="true" duration-ms="3131" started-at="2023-04-23T05:13:18Z" finished-at="2023-04-23T05:13:22Z">
          <params>
            <param index="0">
              <value>
                <![CDATA[public void testcases.LoginTest.test2()]]>
              </value>
            </param>
          </params>
          <reporter-output>
          </reporter-output>
        </test-method> <!-- Setup -->
        <test-method status="PASS" signature="test2()[pri:0, instance:testcases.LoginTest@7403c468]" name="test2" duration-ms="1749" started-at="2023-04-23T05:13:22Z" finished-at="2023-04-23T05:13:23Z">
          <reporter-output>
          </reporter-output>
        </test-method> <!-- test2 -->
        <test-method status="PASS" signature="TearDown()[pri:0, instance:testcases.LoginTest@7403c468]" name="TearDown" is-config="true" duration-ms="90" started-at="2023-04-23T05:13:23Z" finished-at="2023-04-23T05:13:23Z">
          <reporter-output>
          </reporter-output>
        </test-method> <!-- TearDown -->
        <test-method status="PASS" signature="Setup(java.lang.reflect.Method)[pri:0, instance:testcases.LoginTest@7403c468]" name="Setup" is-config="true" duration-ms="2852" started-at="2023-04-23T05:13:23Z" finished-at="2023-04-23T05:13:26Z">
          <params>
            <param index="0">
              <value>
                <![CDATA[public void testcases.LoginTest.test3()]]>
              </value>
            </param>
          </params>
          <reporter-output>
          </reporter-output>
        </test-method> <!-- Setup -->
        <test-method status="PASS" signature="test3()[pri:0, instance:testcases.LoginTest@7403c468]" name="test3" duration-ms="1950" started-at="2023-04-23T05:13:26Z" finished-at="2023-04-23T05:13:28Z">
          <reporter-output>
          </reporter-output>
        </test-method> <!-- test3 -->
        <test-method status="PASS" signature="TearDown()[pri:0, instance:testcases.LoginTest@7403c468]" name="TearDown" is-config="true" duration-ms="71" started-at="2023-04-23T05:13:28Z" finished-at="2023-04-23T05:13:28Z">
          <reporter-output>
          </reporter-output>
        </test-method> <!-- TearDown -->
        <test-method status="PASS" signature="Setup(java.lang.reflect.Method)[pri:0, instance:testcases.LoginTest@7403c468]" name="Setup" is-config="true" duration-ms="2040" started-at="2023-04-23T05:13:28Z" finished-at="2023-04-23T05:13:30Z">
          <params>
            <param index="0">
              <value>
                <![CDATA[public void testcases.LoginTest.test4() throws com.codoid.products.exception.FilloException]]>
              </value>
            </param>
          </params>
          <reporter-output>
          </reporter-output>
        </test-method> <!-- Setup -->
        <test-method status="PASS" signature="test4()[pri:0, instance:testcases.LoginTest@7403c468]" name="test4" duration-ms="2092" started-at="2023-04-23T05:13:30Z" finished-at="2023-04-23T05:13:32Z">
          <reporter-output>
          </reporter-output>
        </test-method> <!-- test4 -->
        <test-method status="PASS" signature="TearDown()[pri:0, instance:testcases.LoginTest@7403c468]" name="TearDown" is-config="true" duration-ms="79" started-at="2023-04-23T05:13:32Z" finished-at="2023-04-23T05:13:32Z">
          <reporter-output>
          </reporter-output>
        </test-method> <!-- TearDown -->
        <test-method status="PASS" signature="ReportClean()[pri:0, instance:testcases.LoginTest@7403c468]" name="ReportClean" is-config="true" duration-ms="240" started-at="2023-04-23T05:13:32Z" finished-at="2023-04-23T05:13:33Z">
          <reporter-output>
          </reporter-output>
        </test-method> <!-- ReportClean -->
      </class> <!-- testcases.LoginTest -->
    </test> <!-- Default test -->
  </suite> <!-- Default suite -->
</testng-results>
